--------------------------------------------------------------------------------
Release 11.1 Trace  (lin64)
Copyright (c) 1995-2009 Xilinx, Inc.  All rights reserved.

/mnt/cad/Xilinx/11.1/ISE/bin/lin64/unwrapped/trce -ise
/home/jikken17/FPGA_TOP/ISE/ISE.ise -intstyle ise -v 3 -s 1 -fastpaths -xml
fpga_top.twx fpga_top.ncd -o fpga_top.twr fpga_top.pcf

Design file:              fpga_top.ncd
Physical constraint file: fpga_top.pcf
Device,package,speed:     xc5vlx50,ff676,-1 (PRODUCTION 1.66 2009-08-24, STEPPING level 0)
Report level:             verbose report

Environment Variable      Effect 
--------------------      ------ 
NONE                      No environment variables were set
--------------------------------------------------------------------------------

INFO:Timing:2752 - To get complete path coverage, use the unconstrained paths 
   option. All paths that are not constrained will be reported in the 
   unconstrained paths section(s) of the report.
INFO:Timing:3339 - The clock-to-out numbers in this timing report are based on 
   a 50 Ohm transmission line loading model.  For the details of this model, 
   and for more information on accounting for different loading conditions, 
   please see the device datasheet.

================================================================================
Timing constraint: TS_sys_clk_pin = PERIOD TIMEGRP "sys_clk_pin" 100 MHz HIGH 
50%;

 0 paths analyzed, 0 endpoints analyzed, 0 failing endpoints
 0 timing errors detected. (0 component switching limit errors)
 Minimum period is   8.332ns.
--------------------------------------------------------------------------------

Component Switching Limit Checks: TS_sys_clk_pin = PERIOD TIMEGRP "sys_clk_pin" 100 MHz HIGH 50%;
--------------------------------------------------------------------------------
Slack: 1.668ns (period - min period limit)
  Period: 10.000ns
  Min period limit: 8.332ns (120.019MHz) (Tdcmpc)
  Physical resource: A_CRG/DCM_ADV_INST/CLKIN
  Logical resource: A_CRG/DCM_ADV_INST/CLKIN
  Location pin: DCM_ADV_X0Y0.CLKIN
  Clock network: A_CRG/CLKIN_IBUFG
--------------------------------------------------------------------------------
Slack: 1.668ns (period - min period limit)
  Period: 10.000ns
  Min period limit: 8.332ns (120.019MHz) (Tdcmpco)
  Physical resource: A_CRG/DCM_ADV_INST/CLK0
  Logical resource: A_CRG/DCM_ADV_INST/CLK0
  Location pin: DCM_ADV_X0Y0.CLK0
  Clock network: A_CRG/CLK0_BUF
--------------------------------------------------------------------------------
Slack: 4.666ns (period - (min low pulse limit / (low pulse / period)))
  Period: 10.000ns
  Low pulse: 5.000ns
  Low pulse limit: 2.667ns (Tdcmpw_CLKIN_100_150)
  Physical resource: A_CRG/DCM_ADV_INST/CLKIN
  Logical resource: A_CRG/DCM_ADV_INST/CLKIN
  Location pin: DCM_ADV_X0Y0.CLKIN
  Clock network: A_CRG/CLKIN_IBUFG
--------------------------------------------------------------------------------

================================================================================
Timing constraint: TS_A_CRG_CLKFX_BUF = PERIOD TIMEGRP "A_CRG_CLKFX_BUF" 
TS_sys_clk_pin * 0.75         HIGH 50%;

 0 paths analyzed, 0 endpoints analyzed, 0 failing endpoints
 0 timing errors detected. (0 component switching limit errors)
 Minimum period is   2.400ns.
--------------------------------------------------------------------------------

Component Switching Limit Checks: TS_A_CRG_CLKFX_BUF = PERIOD TIMEGRP "A_CRG_CLKFX_BUF" TS_sys_clk_pin * 0.75
        HIGH 50%;
--------------------------------------------------------------------------------
Slack: 10.933ns (period - (min high pulse limit / (high pulse / period)))
  Period: 13.333ns
  High pulse: 6.666ns
  High pulse limit: 1.200ns (Tospwh)
  Physical resource: DVI_D_10_OBUF/SR
  Logical resource: A_DVI_TELE_TXRX/A_DVI/DVIData/VideoBuf/bit[10].ODDR/SR
  Location pin: OLOGIC_X0Y198.SR
  Clock network: A_DVI_TELE_TXRX/A_DVI/DVIData/VideoBuf_not0000
--------------------------------------------------------------------------------
Slack: 10.933ns (period - (min high pulse limit / (high pulse / period)))
  Period: 13.333ns
  High pulse: 6.666ns
  High pulse limit: 1.200ns (Tospwh)
  Physical resource: DVI_D_11_OBUF/SR
  Logical resource: A_DVI_TELE_TXRX/A_DVI/DVIData/VideoBuf/bit[11].ODDR/SR
  Location pin: OLOGIC_X0Y199.SR
  Clock network: A_DVI_TELE_TXRX/A_DVI/DVIData/VideoBuf_not0000
--------------------------------------------------------------------------------
Slack: 10.933ns (period - (min high pulse limit / (high pulse / period)))
  Period: 13.333ns
  High pulse: 6.666ns
  High pulse limit: 1.200ns (Tospwh)
  Physical resource: DVI_D_0_OBUF/SR
  Logical resource: A_DVI_TELE_TXRX/A_DVI/DVIData/VideoBuf/bit[0].ODDR/SR
  Location pin: OLOGIC_X0Y188.SR
  Clock network: A_DVI_TELE_TXRX/A_DVI/DVIData/VideoBuf_not0000
--------------------------------------------------------------------------------

================================================================================
Timing constraint: TS_A_CRG_CLKFX_BUF_1 = PERIOD TIMEGRP "A_CRG_CLKFX_BUF_1" 
TS_sys_clk_pin *         0.75 HIGH 50%;

 0 paths analyzed, 0 endpoints analyzed, 0 failing endpoints
 0 timing errors detected. (0 component switching limit errors)
 Minimum period is   2.400ns.
--------------------------------------------------------------------------------

Component Switching Limit Checks: TS_A_CRG_CLKFX_BUF_1 = PERIOD TIMEGRP "A_CRG_CLKFX_BUF_1" TS_sys_clk_pin *
        0.75 HIGH 50%;
--------------------------------------------------------------------------------
Slack: 10.933ns (period - (min high pulse limit / (high pulse / period)))
  Period: 13.333ns
  High pulse: 6.666ns
  High pulse limit: 1.200ns (Tospwh)
  Physical resource: DVI_D_10_OBUF/SR
  Logical resource: A_DVI_TELE_TXRX/A_DVI/DVIData/VideoBuf/bit[10].ODDR/SR
  Location pin: OLOGIC_X0Y198.SR
  Clock network: A_DVI_TELE_TXRX/A_DVI/DVIData/VideoBuf_not0000
--------------------------------------------------------------------------------
Slack: 10.933ns (period - (min high pulse limit / (high pulse / period)))
  Period: 13.333ns
  High pulse: 6.666ns
  High pulse limit: 1.200ns (Tospwh)
  Physical resource: DVI_D_11_OBUF/SR
  Logical resource: A_DVI_TELE_TXRX/A_DVI/DVIData/VideoBuf/bit[11].ODDR/SR
  Location pin: OLOGIC_X0Y199.SR
  Clock network: A_DVI_TELE_TXRX/A_DVI/DVIData/VideoBuf_not0000
--------------------------------------------------------------------------------
Slack: 10.933ns (period - (min high pulse limit / (high pulse / period)))
  Period: 13.333ns
  High pulse: 6.666ns
  High pulse limit: 1.200ns (Tospwh)
  Physical resource: DVI_D_0_OBUF/SR
  Logical resource: A_DVI_TELE_TXRX/A_DVI/DVIData/VideoBuf/bit[0].ODDR/SR
  Location pin: OLOGIC_X0Y188.SR
  Clock network: A_DVI_TELE_TXRX/A_DVI/DVIData/VideoBuf_not0000
--------------------------------------------------------------------------------

================================================================================
Timing constraint: TS_A_CRG_CLKDV_BUF = PERIOD TIMEGRP "A_CRG_CLKDV_BUF" 
TS_sys_clk_pin / 2 HIGH         50%;

 5567 paths analyzed, 1004 endpoints analyzed, 0 failing endpoints
 0 timing errors detected. (0 setup errors, 0 hold errors, 0 component switching limit errors)
 Minimum period is   5.349ns.
--------------------------------------------------------------------------------
Slack (setup path):     14.651ns (requirement - (data path - clock path skew + uncertainty))
  Source:               A_PS2_KEY_MOUSE/A0_MOUSE/m1/m1_state_2 (FF)
  Destination:          A_PS2_KEY_MOUSE/A0_MOUSE/m1/m2_state_1 (FF)
  Requirement:          20.000ns
  Data Path Delay:      5.177ns (Levels of Logic = 4)
  Clock Path Skew:      -0.047ns (0.494 - 0.541)
  Source Clock:         Clock50 rising at 0.000ns
  Destination Clock:    Clock50 rising at 20.000ns
  Clock Uncertainty:    0.125ns

  Clock Uncertainty:          0.125ns  ((TSJ^2 + TIJ^2)^1/2 + DJ) / 2 + PE
    Total System Jitter (TSJ):  0.070ns
    Total Input Jitter (TIJ):   0.000ns
    Discrete Jitter (DJ):       0.180ns
    Phase Error (PE):           0.000ns

  Maximum Data Path: A_PS2_KEY_MOUSE/A0_MOUSE/m1/m1_state_2 to A_PS2_KEY_MOUSE/A0_MOUSE/m1/m2_state_1
    Location             Delay type         Delay(ns)  Physical Resource
                                                       Logical Resource(s)
    -------------------------------------------------  -------------------
    SLICE_X51Y45.BQ      Tcko                  0.450   A_PS2_KEY_MOUSE/A0_MOUSE/m1/m1_state<1>
                                                       A_PS2_KEY_MOUSE/A0_MOUSE/m1/m1_state_2
    SLICE_X48Y42.B2      net (fanout=9)        0.980   A_PS2_KEY_MOUSE/A0_MOUSE/m1/m1_state<2>
    SLICE_X48Y42.B       Tilo                  0.094   A_PS2_KEY_MOUSE/A0_MOUSE/m1/m2_next_state<2>133
                                                       A_PS2_KEY_MOUSE/A0_MOUSE/m1/m2_next_state<1>141
    SLICE_X48Y42.A1      net (fanout=4)        1.087   N27
    SLICE_X48Y42.A       Tilo                  0.094   A_PS2_KEY_MOUSE/A0_MOUSE/m1/m2_next_state<2>133
                                                       A_PS2_KEY_MOUSE/A0_MOUSE/m1/m2_next_state_and00051
    SLICE_X48Y43.B1      net (fanout=4)        1.072   A_PS2_KEY_MOUSE/A0_MOUSE/m1/m2_next_state_and0005
    SLICE_X48Y43.B       Tilo                  0.094   A_PS2_KEY_MOUSE/A0_MOUSE/m1/q<11>
                                                       A_PS2_KEY_MOUSE/A0_MOUSE/m1/m2_next_state<1>137
    SLICE_X48Y43.A5      net (fanout=1)        0.244   A_PS2_KEY_MOUSE/A0_MOUSE/m1/m2_next_state<1>137
    SLICE_X48Y43.A       Tilo                  0.094   A_PS2_KEY_MOUSE/A0_MOUSE/m1/q<11>
                                                       A_PS2_KEY_MOUSE/A0_MOUSE/m1/m2_next_state<1>165
    SLICE_X49Y43.SR      net (fanout=1)        0.423   A_PS2_KEY_MOUSE/A0_MOUSE/m1/m2_next_state<1>165
    SLICE_X49Y43.CLK     Tsrck                 0.545   A_PS2_KEY_MOUSE/A0_MOUSE/m1/m2_state<1>
                                                       A_PS2_KEY_MOUSE/A0_MOUSE/m1/m2_state_1
    -------------------------------------------------  ---------------------------
    Total                                      5.177ns (1.371ns logic, 3.806ns route)
                                                       (26.5% logic, 73.5% route)

--------------------------------------------------------------------------------
Slack (setup path):     14.675ns (requirement - (data path - clock path skew + uncertainty))
  Source:               A_PS2_KEY_MOUSE/A0_MOUSE/m1/m1_state_1 (FF)
  Destination:          A_PS2_KEY_MOUSE/A0_MOUSE/m1/m2_state_1 (FF)
  Requirement:          20.000ns
  Data Path Delay:      5.153ns (Levels of Logic = 4)
  Clock Path Skew:      -0.047ns (0.494 - 0.541)
  Source Clock:         Clock50 rising at 0.000ns
  Destination Clock:    Clock50 rising at 20.000ns
  Clock Uncertainty:    0.125ns

  Clock Uncertainty:          0.125ns  ((TSJ^2 + TIJ^2)^1/2 + DJ) / 2 + PE
    Total System Jitter (TSJ):  0.070ns
    Total Input Jitter (TIJ):   0.000ns
    Discrete Jitter (DJ):       0.180ns
    Phase Error (PE):           0.000ns

  Maximum Data Path: A_PS2_KEY_MOUSE/A0_MOUSE/m1/m1_state_1 to A_PS2_KEY_MOUSE/A0_MOUSE/m1/m2_state_1
    Location             Delay type         Delay(ns)  Physical Resource
                                                       Logical Resource(s)
    -------------------------------------------------  -------------------
    SLICE_X51Y45.DQ      Tcko                  0.450   A_PS2_KEY_MOUSE/A0_MOUSE/m1/m1_state<1>
                                                       A_PS2_KEY_MOUSE/A0_MOUSE/m1/m1_state_1
    SLICE_X48Y42.B3      net (fanout=10)       0.956   A_PS2_KEY_MOUSE/A0_MOUSE/m1/m1_state<1>
    SLICE_X48Y42.B       Tilo                  0.094   A_PS2_KEY_MOUSE/A0_MOUSE/m1/m2_next_state<2>133
                                                       A_PS2_KEY_MOUSE/A0_MOUSE/m1/m2_next_state<1>141
    SLICE_X48Y42.A1      net (fanout=4)        1.087   N27
    SLICE_X48Y42.A       Tilo                  0.094   A_PS2_KEY_MOUSE/A0_MOUSE/m1/m2_next_state<2>133
                                                       A_PS2_KEY_MOUSE/A0_MOUSE/m1/m2_next_state_and00051
    SLICE_X48Y43.B1      net (fanout=4)        1.072   A_PS2_KEY_MOUSE/A0_MOUSE/m1/m2_next_state_and0005
    SLICE_X48Y43.B       Tilo                  0.094   A_PS2_KEY_MOUSE/A0_MOUSE/m1/q<11>
                                                       A_PS2_KEY_MOUSE/A0_MOUSE/m1/m2_next_state<1>137
    SLICE_X48Y43.A5      net (fanout=1)        0.244   A_PS2_KEY_MOUSE/A0_MOUSE/m1/m2_next_state<1>137
    SLICE_X48Y43.A       Tilo                  0.094   A_PS2_KEY_MOUSE/A0_MOUSE/m1/q<11>
                                                       A_PS2_KEY_MOUSE/A0_MOUSE/m1/m2_next_state<1>165
    SLICE_X49Y43.SR      net (fanout=1)        0.423   A_PS2_KEY_MOUSE/A0_MOUSE/m1/m2_next_state<1>165
    SLICE_X49Y43.CLK     Tsrck                 0.545   A_PS2_KEY_MOUSE/A0_MOUSE/m1/m2_state<1>
                                                       A_PS2_KEY_MOUSE/A0_MOUSE/m1/m2_state_1
    -------------------------------------------------  ---------------------------
    Total                                      5.153ns (1.371ns logic, 3.782ns route)
                                                       (26.6% logic, 73.4% route)

--------------------------------------------------------------------------------
Slack (setup path):     15.013ns (requirement - (data path - clock path skew + uncertainty))
  Source:               A_PS2_KEY_MOUSE/A0_MOUSE/m1/m1_state_0 (FF)
  Destination:          A_PS2_KEY_MOUSE/A0_MOUSE/m1/m2_state_1 (FF)
  Requirement:          20.000ns
  Data Path Delay:      4.815ns (Levels of Logic = 4)
  Clock Path Skew:      -0.047ns (0.494 - 0.541)
  Source Clock:         Clock50 rising at 0.000ns
  Destination Clock:    Clock50 rising at 20.000ns
  Clock Uncertainty:    0.125ns

  Clock Uncertainty:          0.125ns  ((TSJ^2 + TIJ^2)^1/2 + DJ) / 2 + PE
    Total System Jitter (TSJ):  0.070ns
    Total Input Jitter (TIJ):   0.000ns
    Discrete Jitter (DJ):       0.180ns
    Phase Error (PE):           0.000ns

  Maximum Data Path: A_PS2_KEY_MOUSE/A0_MOUSE/m1/m1_state_0 to A_PS2_KEY_MOUSE/A0_MOUSE/m1/m2_state_1
    Location             Delay type         Delay(ns)  Physical Resource
                                                       Logical Resource(s)
    -------------------------------------------------  -------------------
    SLICE_X51Y45.CQ      Tcko                  0.450   A_PS2_KEY_MOUSE/A0_MOUSE/m1/m1_state<1>
                                                       A_PS2_KEY_MOUSE/A0_MOUSE/m1/m1_state_0
    SLICE_X48Y42.B5      net (fanout=10)       0.618   A_PS2_KEY_MOUSE/A0_MOUSE/m1/m1_state<0>
    SLICE_X48Y42.B       Tilo                  0.094   A_PS2_KEY_MOUSE/A0_MOUSE/m1/m2_next_state<2>133
                                                       A_PS2_KEY_MOUSE/A0_MOUSE/m1/m2_next_state<1>141
    SLICE_X48Y42.A1      net (fanout=4)        1.087   N27
    SLICE_X48Y42.A       Tilo                  0.094   A_PS2_KEY_MOUSE/A0_MOUSE/m1/m2_next_state<2>133
                                                       A_PS2_KEY_MOUSE/A0_MOUSE/m1/m2_next_state_and00051
    SLICE_X48Y43.B1      net (fanout=4)        1.072   A_PS2_KEY_MOUSE/A0_MOUSE/m1/m2_next_state_and0005
    SLICE_X48Y43.B       Tilo                  0.094   A_PS2_KEY_MOUSE/A0_MOUSE/m1/q<11>
                                                       A_PS2_KEY_MOUSE/A0_MOUSE/m1/m2_next_state<1>137
    SLICE_X48Y43.A5      net (fanout=1)        0.244   A_PS2_KEY_MOUSE/A0_MOUSE/m1/m2_next_state<1>137
    SLICE_X48Y43.A       Tilo                  0.094   A_PS2_KEY_MOUSE/A0_MOUSE/m1/q<11>
                                                       A_PS2_KEY_MOUSE/A0_MOUSE/m1/m2_next_state<1>165
    SLICE_X49Y43.SR      net (fanout=1)        0.423   A_PS2_KEY_MOUSE/A0_MOUSE/m1/m2_next_state<1>165
    SLICE_X49Y43.CLK     Tsrck                 0.545   A_PS2_KEY_MOUSE/A0_MOUSE/m1/m2_state<1>
                                                       A_PS2_KEY_MOUSE/A0_MOUSE/m1/m2_state_1
    -------------------------------------------------  ---------------------------
    Total                                      4.815ns (1.371ns logic, 3.444ns route)
                                                       (28.5% logic, 71.5% route)

--------------------------------------------------------------------------------

Hold Paths: TS_A_CRG_CLKDV_BUF = PERIOD TIMEGRP "A_CRG_CLKDV_BUF" TS_sys_clk_pin / 2 HIGH
        50%;
--------------------------------------------------------------------------------
Slack (hold path):      0.474ns (requirement - (clock path skew + uncertainty - data path))
  Source:               A_PS2_KEY_MOUSE/A0_MOUSE/m1/q_5 (FF)
  Destination:          A_PS2_KEY_MOUSE/A0_MOUSE/m1/q_4 (FF)
  Requirement:          0.000ns
  Data Path Delay:      0.474ns (Levels of Logic = 0)
  Clock Path Skew:      0.000ns
  Source Clock:         Clock50 rising at 20.000ns
  Destination Clock:    Clock50 rising at 20.000ns
  Clock Uncertainty:    0.000ns

  Minimum Data Path: A_PS2_KEY_MOUSE/A0_MOUSE/m1/q_5 to A_PS2_KEY_MOUSE/A0_MOUSE/m1/q_4
    Location             Delay type         Delay(ns)  Physical Resource
                                                       Logical Resource(s)
    -------------------------------------------------  -------------------
    SLICE_X49Y44.BQ      Tcko                  0.414   A_PS2_KEY_MOUSE/A0_MOUSE/m1/q<7>
                                                       A_PS2_KEY_MOUSE/A0_MOUSE/m1/q_5
    SLICE_X49Y44.AX      net (fanout=2)        0.289   A_PS2_KEY_MOUSE/A0_MOUSE/m1/q<5>
    SLICE_X49Y44.CLK     Tckdi       (-Th)     0.229   A_PS2_KEY_MOUSE/A0_MOUSE/m1/q<7>
                                                       A_PS2_KEY_MOUSE/A0_MOUSE/m1/q_4
    -------------------------------------------------  ---------------------------
    Total                                      0.474ns (0.185ns logic, 0.289ns route)
                                                       (39.0% logic, 61.0% route)

--------------------------------------------------------------------------------
Slack (hold path):      0.476ns (requirement - (clock path skew + uncertainty - data path))
  Source:               A_PS2_KEY_MOUSE/A0_MOUSE/m1/q_21 (FF)
  Destination:          A_PS2_KEY_MOUSE/A0_MOUSE/m1/q_20 (FF)
  Requirement:          0.000ns
  Data Path Delay:      0.476ns (Levels of Logic = 0)
  Clock Path Skew:      0.000ns
  Source Clock:         Clock50 rising at 20.000ns
  Destination Clock:    Clock50 rising at 20.000ns
  Clock Uncertainty:    0.000ns

  Minimum Data Path: A_PS2_KEY_MOUSE/A0_MOUSE/m1/q_21 to A_PS2_KEY_MOUSE/A0_MOUSE/m1/q_20
    Location             Delay type         Delay(ns)  Physical Resource
                                                       Logical Resource(s)
    -------------------------------------------------  -------------------
    SLICE_X49Y45.BQ      Tcko                  0.414   A_PS2_KEY_MOUSE/A0_MOUSE/m1/q<23>
                                                       A_PS2_KEY_MOUSE/A0_MOUSE/m1/q_21
    SLICE_X49Y45.AX      net (fanout=2)        0.291   A_PS2_KEY_MOUSE/A0_MOUSE/m1/q<21>
    SLICE_X49Y45.CLK     Tckdi       (-Th)     0.229   A_PS2_KEY_MOUSE/A0_MOUSE/m1/q<23>
                                                       A_PS2_KEY_MOUSE/A0_MOUSE/m1/q_20
    -------------------------------------------------  ---------------------------
    Total                                      0.476ns (0.185ns logic, 0.291ns route)
                                                       (38.9% logic, 61.1% route)

--------------------------------------------------------------------------------
Slack (hold path):      0.476ns (requirement - (clock path skew + uncertainty - data path))
  Source:               A_PS2_KEY_MOUSE/A1_KEYBOARD/A0_PS2_Data_In/data_shift_reg_5 (FF)
  Destination:          A_PS2_KEY_MOUSE/A1_KEYBOARD/A0_PS2_Data_In/data_shift_reg_4 (FF)
  Requirement:          0.000ns
  Data Path Delay:      0.476ns (Levels of Logic = 0)
  Clock Path Skew:      0.000ns
  Source Clock:         Clock50 rising at 20.000ns
  Destination Clock:    Clock50 rising at 20.000ns
  Clock Uncertainty:    0.000ns

  Minimum Data Path: A_PS2_KEY_MOUSE/A1_KEYBOARD/A0_PS2_Data_In/data_shift_reg_5 to A_PS2_KEY_MOUSE/A1_KEYBOARD/A0_PS2_Data_In/data_shift_reg_4
    Location             Delay type         Delay(ns)  Physical Resource
                                                       Logical Resource(s)
    -------------------------------------------------  -------------------
    SLICE_X41Y89.BQ      Tcko                  0.414   A_PS2_KEY_MOUSE/A1_KEYBOARD/A0_PS2_Data_In/data_shift_reg<7>
                                                       A_PS2_KEY_MOUSE/A1_KEYBOARD/A0_PS2_Data_In/data_shift_reg_5
    SLICE_X41Y89.AX      net (fanout=2)        0.291   A_PS2_KEY_MOUSE/A1_KEYBOARD/A0_PS2_Data_In/data_shift_reg<5>
    SLICE_X41Y89.CLK     Tckdi       (-Th)     0.229   A_PS2_KEY_MOUSE/A1_KEYBOARD/A0_PS2_Data_In/data_shift_reg<7>
                                                       A_PS2_KEY_MOUSE/A1_KEYBOARD/A0_PS2_Data_In/data_shift_reg_4
    -------------------------------------------------  ---------------------------
    Total                                      0.476ns (0.185ns logic, 0.291ns route)
                                                       (38.9% logic, 61.1% route)

--------------------------------------------------------------------------------

Component Switching Limit Checks: TS_A_CRG_CLKDV_BUF = PERIOD TIMEGRP "A_CRG_CLKDV_BUF" TS_sys_clk_pin / 2 HIGH
        50%;
--------------------------------------------------------------------------------
Slack: 18.946ns (period - (min low pulse limit / (low pulse / period)))
  Period: 20.000ns
  Low pulse: 10.000ns
  Low pulse limit: 0.527ns (Trpw)
  Physical resource: A_PS2_KEY_MOUSE/A2_KEYBOARD_CTRL/cnt_wait<3>/SR
  Logical resource: A_PS2_KEY_MOUSE/A2_KEYBOARD_CTRL/cnt_wait_0/SR
  Location pin: SLICE_X49Y58.SR
  Clock network: A_AUDIO/A0_IF/A_BUTTON_PLS/rst_n_inv
--------------------------------------------------------------------------------
Slack: 18.946ns (period - (min high pulse limit / (high pulse / period)))
  Period: 20.000ns
  High pulse: 10.000ns
  High pulse limit: 0.527ns (Trpw)
  Physical resource: A_PS2_KEY_MOUSE/A2_KEYBOARD_CTRL/cnt_wait<3>/SR
  Logical resource: A_PS2_KEY_MOUSE/A2_KEYBOARD_CTRL/cnt_wait_0/SR
  Location pin: SLICE_X49Y58.SR
  Clock network: A_AUDIO/A0_IF/A_BUTTON_PLS/rst_n_inv
--------------------------------------------------------------------------------
Slack: 18.946ns (period - (min low pulse limit / (low pulse / period)))
  Period: 20.000ns
  Low pulse: 10.000ns
  Low pulse limit: 0.527ns (Trpw)
  Physical resource: A_PS2_KEY_MOUSE/A2_KEYBOARD_CTRL/cnt_wait<3>/SR
  Logical resource: A_PS2_KEY_MOUSE/A2_KEYBOARD_CTRL/cnt_wait_1/SR
  Location pin: SLICE_X49Y58.SR
  Clock network: A_AUDIO/A0_IF/A_BUTTON_PLS/rst_n_inv
--------------------------------------------------------------------------------

================================================================================
Timing constraint: TS_A_CRG_CLKFX_BUF_0 = PERIOD TIMEGRP "A_CRG_CLKFX_BUF_0" 
TS_sys_clk_pin *         0.75 HIGH 50%;

 127202 paths analyzed, 4714 endpoints analyzed, 0 failing endpoints
 0 timing errors detected. (0 setup errors, 0 hold errors, 0 component switching limit errors)
 Minimum period is  11.230ns.
--------------------------------------------------------------------------------
Slack (setup path):     2.103ns (requirement - (data path - clock path skew + uncertainty))
  Source:               A_DVI_TELE_TXRX/DISP_MODE_0 (FF)
  Destination:          A_DVI_TELE_TXRX/A_DISPLAY/A1_DISP_DIGIT/disp_buf_0_19_0 (FF)
  Requirement:          13.333ns
  Data Path Delay:      10.862ns (Levels of Logic = 4)
  Clock Path Skew:      -0.237ns (1.137 - 1.374)
  Source Clock:         Clock75 rising at 0.000ns
  Destination Clock:    Clock75 rising at 13.333ns
  Clock Uncertainty:    0.131ns

  Clock Uncertainty:          0.131ns  ((TSJ^2 + TIJ^2)^1/2 + DJ) / 2 + PE
    Total System Jitter (TSJ):  0.070ns
    Total Input Jitter (TIJ):   0.000ns
    Discrete Jitter (DJ):       0.190ns
    Phase Error (PE):           0.000ns

  Maximum Data Path: A_DVI_TELE_TXRX/DISP_MODE_0 to A_DVI_TELE_TXRX/A_DISPLAY/A1_DISP_DIGIT/disp_buf_0_19_0
    Location             Delay type         Delay(ns)  Physical Resource
                                                       Logical Resource(s)
    -------------------------------------------------  -------------------
    SLICE_X7Y84.CQ       Tcko                  0.450   A_DVI_TELE_TXRX/DISP_MODE<1>
                                                       A_DVI_TELE_TXRX/DISP_MODE_0
    SLICE_X17Y56.B2      net (fanout=37)       4.146   A_DVI_TELE_TXRX/DISP_MODE<0>
    SLICE_X17Y56.B       Tilo                  0.094   A_DVI_TELE_TXRX/A_DISPLAY/A1_DISP_DIGIT/disp_buf_0_36_3
                                                       A_DVI_TELE_TXRX/i_disp_adr<6>11
    SLICE_X16Y53.B3      net (fanout=11)       0.817   N24
    SLICE_X16Y53.B       Tilo                  0.094   A_DVI_TELE_TXRX/i_disp_adr<5>
                                                       A_DVI_TELE_TXRX/i_disp_adr<5>1
    SLICE_X25Y63.C2      net (fanout=8)        1.629   A_DVI_TELE_TXRX/i_disp_adr<5>
    SLICE_X25Y63.C       Tilo                  0.094   A_DVI_TELE_TXRX/A_DISPLAY/A1_DISP_DIGIT/N26
                                                       A_DVI_TELE_TXRX/A_DISPLAY/A1_DISP_DIGIT/disp_buf_0_0_and000041
    SLICE_X36Y45.A1      net (fanout=16)       2.762   A_DVI_TELE_TXRX/A_DISPLAY/A1_DISP_DIGIT/N26
    SLICE_X36Y45.A       Tilo                  0.094   A_DVI_TELE_TXRX/A_DISPLAY/A1_DISP_DIGIT/disp_buf_1_17_3
                                                       A_DVI_TELE_TXRX/A_DISPLAY/A1_DISP_DIGIT/disp_buf_0_19_and00001
    SLICE_X38Y44.CE      net (fanout=1)        0.453   A_DVI_TELE_TXRX/A_DISPLAY/A1_DISP_DIGIT/disp_buf_0_19_and0000
    SLICE_X38Y44.CLK     Tceck                 0.229   A_DVI_TELE_TXRX/A_DISPLAY/A1_DISP_DIGIT/disp_buf_0_19_3
                                                       A_DVI_TELE_TXRX/A_DISPLAY/A1_DISP_DIGIT/disp_buf_0_19_0
    -------------------------------------------------  ---------------------------
    Total                                     10.862ns (1.055ns logic, 9.807ns route)
                                                       (9.7% logic, 90.3% route)

--------------------------------------------------------------------------------
Slack (setup path):     2.103ns (requirement - (data path - clock path skew + uncertainty))
  Source:               A_DVI_TELE_TXRX/DISP_MODE_0 (FF)
  Destination:          A_DVI_TELE_TXRX/A_DISPLAY/A1_DISP_DIGIT/disp_buf_0_19_2 (FF)
  Requirement:          13.333ns
  Data Path Delay:      10.862ns (Levels of Logic = 4)
  Clock Path Skew:      -0.237ns (1.137 - 1.374)
  Source Clock:         Clock75 rising at 0.000ns
  Destination Clock:    Clock75 rising at 13.333ns
  Clock Uncertainty:    0.131ns

  Clock Uncertainty:          0.131ns  ((TSJ^2 + TIJ^2)^1/2 + DJ) / 2 + PE
    Total System Jitter (TSJ):  0.070ns
    Total Input Jitter (TIJ):   0.000ns
    Discrete Jitter (DJ):       0.190ns
    Phase Error (PE):           0.000ns

  Maximum Data Path: A_DVI_TELE_TXRX/DISP_MODE_0 to A_DVI_TELE_TXRX/A_DISPLAY/A1_DISP_DIGIT/disp_buf_0_19_2
    Location             Delay type         Delay(ns)  Physical Resource
                                                       Logical Resource(s)
    -------------------------------------------------  -------------------
    SLICE_X7Y84.CQ       Tcko                  0.450   A_DVI_TELE_TXRX/DISP_MODE<1>
                                                       A_DVI_TELE_TXRX/DISP_MODE_0
    SLICE_X17Y56.B2      net (fanout=37)       4.146   A_DVI_TELE_TXRX/DISP_MODE<0>
    SLICE_X17Y56.B       Tilo                  0.094   A_DVI_TELE_TXRX/A_DISPLAY/A1_DISP_DIGIT/disp_buf_0_36_3
                                                       A_DVI_TELE_TXRX/i_disp_adr<6>11
    SLICE_X16Y53.B3      net (fanout=11)       0.817   N24
    SLICE_X16Y53.B       Tilo                  0.094   A_DVI_TELE_TXRX/i_disp_adr<5>
                                                       A_DVI_TELE_TXRX/i_disp_adr<5>1
    SLICE_X25Y63.C2      net (fanout=8)        1.629   A_DVI_TELE_TXRX/i_disp_adr<5>
    SLICE_X25Y63.C       Tilo                  0.094   A_DVI_TELE_TXRX/A_DISPLAY/A1_DISP_DIGIT/N26
                                                       A_DVI_TELE_TXRX/A_DISPLAY/A1_DISP_DIGIT/disp_buf_0_0_and000041
    SLICE_X36Y45.A1      net (fanout=16)       2.762   A_DVI_TELE_TXRX/A_DISPLAY/A1_DISP_DIGIT/N26
    SLICE_X36Y45.A       Tilo                  0.094   A_DVI_TELE_TXRX/A_DISPLAY/A1_DISP_DIGIT/disp_buf_1_17_3
                                                       A_DVI_TELE_TXRX/A_DISPLAY/A1_DISP_DIGIT/disp_buf_0_19_and00001
    SLICE_X38Y44.CE      net (fanout=1)        0.453   A_DVI_TELE_TXRX/A_DISPLAY/A1_DISP_DIGIT/disp_buf_0_19_and0000
    SLICE_X38Y44.CLK     Tceck                 0.229   A_DVI_TELE_TXRX/A_DISPLAY/A1_DISP_DIGIT/disp_buf_0_19_3
                                                       A_DVI_TELE_TXRX/A_DISPLAY/A1_DISP_DIGIT/disp_buf_0_19_2
    -------------------------------------------------  ---------------------------
    Total                                     10.862ns (1.055ns logic, 9.807ns route)
                                                       (9.7% logic, 90.3% route)

--------------------------------------------------------------------------------
Slack (setup path):     2.103ns (requirement - (data path - clock path skew + uncertainty))
  Source:               A_DVI_TELE_TXRX/DISP_MODE_0 (FF)
  Destination:          A_DVI_TELE_TXRX/A_DISPLAY/A1_DISP_DIGIT/disp_buf_0_19_1 (FF)
  Requirement:          13.333ns
  Data Path Delay:      10.862ns (Levels of Logic = 4)
  Clock Path Skew:      -0.237ns (1.137 - 1.374)
  Source Clock:         Clock75 rising at 0.000ns
  Destination Clock:    Clock75 rising at 13.333ns
  Clock Uncertainty:    0.131ns

  Clock Uncertainty:          0.131ns  ((TSJ^2 + TIJ^2)^1/2 + DJ) / 2 + PE
    Total System Jitter (TSJ):  0.070ns
    Total Input Jitter (TIJ):   0.000ns
    Discrete Jitter (DJ):       0.190ns
    Phase Error (PE):           0.000ns

  Maximum Data Path: A_DVI_TELE_TXRX/DISP_MODE_0 to A_DVI_TELE_TXRX/A_DISPLAY/A1_DISP_DIGIT/disp_buf_0_19_1
    Location             Delay type         Delay(ns)  Physical Resource
                                                       Logical Resource(s)
    -------------------------------------------------  -------------------
    SLICE_X7Y84.CQ       Tcko                  0.450   A_DVI_TELE_TXRX/DISP_MODE<1>
                                                       A_DVI_TELE_TXRX/DISP_MODE_0
    SLICE_X17Y56.B2      net (fanout=37)       4.146   A_DVI_TELE_TXRX/DISP_MODE<0>
    SLICE_X17Y56.B       Tilo                  0.094   A_DVI_TELE_TXRX/A_DISPLAY/A1_DISP_DIGIT/disp_buf_0_36_3
                                                       A_DVI_TELE_TXRX/i_disp_adr<6>11
    SLICE_X16Y53.B3      net (fanout=11)       0.817   N24
    SLICE_X16Y53.B       Tilo                  0.094   A_DVI_TELE_TXRX/i_disp_adr<5>
                                                       A_DVI_TELE_TXRX/i_disp_adr<5>1
    SLICE_X25Y63.C2      net (fanout=8)        1.629   A_DVI_TELE_TXRX/i_disp_adr<5>
    SLICE_X25Y63.C       Tilo                  0.094   A_DVI_TELE_TXRX/A_DISPLAY/A1_DISP_DIGIT/N26
                                                       A_DVI_TELE_TXRX/A_DISPLAY/A1_DISP_DIGIT/disp_buf_0_0_and000041
    SLICE_X36Y45.A1      net (fanout=16)       2.762   A_DVI_TELE_TXRX/A_DISPLAY/A1_DISP_DIGIT/N26
    SLICE_X36Y45.A       Tilo                  0.094   A_DVI_TELE_TXRX/A_DISPLAY/A1_DISP_DIGIT/disp_buf_1_17_3
                                                       A_DVI_TELE_TXRX/A_DISPLAY/A1_DISP_DIGIT/disp_buf_0_19_and00001
    SLICE_X38Y44.CE      net (fanout=1)        0.453   A_DVI_TELE_TXRX/A_DISPLAY/A1_DISP_DIGIT/disp_buf_0_19_and0000
    SLICE_X38Y44.CLK     Tceck                 0.229   A_DVI_TELE_TXRX/A_DISPLAY/A1_DISP_DIGIT/disp_buf_0_19_3
                                                       A_DVI_TELE_TXRX/A_DISPLAY/A1_DISP_DIGIT/disp_buf_0_19_1
    -------------------------------------------------  ---------------------------
    Total                                     10.862ns (1.055ns logic, 9.807ns route)
                                                       (9.7% logic, 90.3% route)

--------------------------------------------------------------------------------

Hold Paths: TS_A_CRG_CLKFX_BUF_0 = PERIOD TIMEGRP "A_CRG_CLKFX_BUF_0" TS_sys_clk_pin *
        0.75 HIGH 50%;
--------------------------------------------------------------------------------
Slack (hold path):      0.404ns (requirement - (clock path skew + uncertainty - data path))
  Source:               A_DVI_TELE_TXRX/A_DVI/DVIInit/I2CDatInit/SHIFT.DataShft/SHIFT.Register/Out_31 (FF)
  Destination:          A_DVI_TELE_TXRX/A_DVI/DVIInit/I2CDatInit/SHIFT.DataShft/SHIFT.Register/Out_39 (FF)
  Requirement:          0.000ns
  Data Path Delay:      0.457ns (Levels of Logic = 0)
  Clock Path Skew:      0.053ns (0.530 - 0.477)
  Source Clock:         Clock75 rising at 0.000ns
  Destination Clock:    Clock75 rising at 13.333ns
  Clock Uncertainty:    0.000ns

  Minimum Data Path: A_DVI_TELE_TXRX/A_DVI/DVIInit/I2CDatInit/SHIFT.DataShft/SHIFT.Register/Out_31 to A_DVI_TELE_TXRX/A_DVI/DVIInit/I2CDatInit/SHIFT.DataShft/SHIFT.Register/Out_39
    Location             Delay type         Delay(ns)  Physical Resource
                                                       Logical Resource(s)
    -------------------------------------------------  -------------------
    SLICE_X23Y94.DQ      Tcko                  0.414   A_DVI_TELE_TXRX/A_DVI/DVIInit/I2CDatInit/SHIFT.DataShft/POut<31>
                                                       A_DVI_TELE_TXRX/A_DVI/DVIInit/I2CDatInit/SHIFT.DataShft/SHIFT.Register/Out_31
    SLICE_X20Y93.DX      net (fanout=1)        0.273   A_DVI_TELE_TXRX/A_DVI/DVIInit/I2CDatInit/SHIFT.DataShft/POut<31>
    SLICE_X20Y93.CLK     Tckdi       (-Th)     0.230   A_DVI_TELE_TXRX/A_DVI/DVIInit/I2CData<7>
                                                       A_DVI_TELE_TXRX/A_DVI/DVIInit/I2CDatInit/SHIFT.DataShft/SHIFT.Register/Out_39
    -------------------------------------------------  ---------------------------
    Total                                      0.457ns (0.184ns logic, 0.273ns route)
                                                       (40.3% logic, 59.7% route)

--------------------------------------------------------------------------------
Slack (hold path):      0.412ns (requirement - (clock path skew + uncertainty - data path))
  Source:               A_DVI_TELE_TXRX/A_DISPLAY/A1_DISP_DIGIT/disp_buf_0_8_1 (FF)
  Destination:          A_DVI_TELE_TXRX/A_DISPLAY/A1_DISP_DIGIT/disp_buf_1_8_1 (FF)
  Requirement:          0.000ns
  Data Path Delay:      0.487ns (Levels of Logic = 0)
  Clock Path Skew:      0.075ns (0.565 - 0.490)
  Source Clock:         Clock75 rising at 0.000ns
  Destination Clock:    Clock75 rising at 13.333ns
  Clock Uncertainty:    0.000ns

  Minimum Data Path: A_DVI_TELE_TXRX/A_DISPLAY/A1_DISP_DIGIT/disp_buf_0_8_1 to A_DVI_TELE_TXRX/A_DISPLAY/A1_DISP_DIGIT/disp_buf_1_8_1
    Location             Delay type         Delay(ns)  Physical Resource
                                                       Logical Resource(s)
    -------------------------------------------------  -------------------
    SLICE_X21Y44.BQ      Tcko                  0.414   A_DVI_TELE_TXRX/A_DISPLAY/A1_DISP_DIGIT/disp_buf_0_8_3
                                                       A_DVI_TELE_TXRX/A_DISPLAY/A1_DISP_DIGIT/disp_buf_0_8_1
    SLICE_X18Y44.BX      net (fanout=1)        0.304   A_DVI_TELE_TXRX/A_DISPLAY/A1_DISP_DIGIT/disp_buf_0_8_1
    SLICE_X18Y44.CLK     Tckdi       (-Th)     0.231   A_DVI_TELE_TXRX/A_DISPLAY/A1_DISP_DIGIT/disp_buf_1_8_3
                                                       A_DVI_TELE_TXRX/A_DISPLAY/A1_DISP_DIGIT/disp_buf_1_8_1
    -------------------------------------------------  ---------------------------
    Total                                      0.487ns (0.183ns logic, 0.304ns route)
                                                       (37.6% logic, 62.4% route)

--------------------------------------------------------------------------------
Slack (hold path):      0.414ns (requirement - (clock path skew + uncertainty - data path))
  Source:               A_DVI_TELE_TXRX/A_DVI/DVIInit/I2CDatInit/SHIFT.DataShft/SHIFT.Register/Out_30 (FF)
  Destination:          A_DVI_TELE_TXRX/A_DVI/DVIInit/I2CDatInit/SHIFT.DataShft/SHIFT.Register/Out_38 (FF)
  Requirement:          0.000ns
  Data Path Delay:      0.467ns (Levels of Logic = 0)
  Clock Path Skew:      0.053ns (0.530 - 0.477)
  Source Clock:         Clock75 rising at 0.000ns
  Destination Clock:    Clock75 rising at 13.333ns
  Clock Uncertainty:    0.000ns

  Minimum Data Path: A_DVI_TELE_TXRX/A_DVI/DVIInit/I2CDatInit/SHIFT.DataShft/SHIFT.Register/Out_30 to A_DVI_TELE_TXRX/A_DVI/DVIInit/I2CDatInit/SHIFT.DataShft/SHIFT.Register/Out_38
    Location             Delay type         Delay(ns)  Physical Resource
                                                       Logical Resource(s)
    -------------------------------------------------  -------------------
    SLICE_X23Y94.CQ      Tcko                  0.414   A_DVI_TELE_TXRX/A_DVI/DVIInit/I2CDatInit/SHIFT.DataShft/POut<31>
                                                       A_DVI_TELE_TXRX/A_DVI/DVIInit/I2CDatInit/SHIFT.DataShft/SHIFT.Register/Out_30
    SLICE_X20Y93.CX      net (fanout=1)        0.283   A_DVI_TELE_TXRX/A_DVI/DVIInit/I2CDatInit/SHIFT.DataShft/POut<30>
    SLICE_X20Y93.CLK     Tckdi       (-Th)     0.230   A_DVI_TELE_TXRX/A_DVI/DVIInit/I2CData<7>
                                                       A_DVI_TELE_TXRX/A_DVI/DVIInit/I2CDatInit/SHIFT.DataShft/SHIFT.Register/Out_38
    -------------------------------------------------  ---------------------------
    Total                                      0.467ns (0.184ns logic, 0.283ns route)
                                                       (39.4% logic, 60.6% route)

--------------------------------------------------------------------------------

Component Switching Limit Checks: TS_A_CRG_CLKFX_BUF_0 = PERIOD TIMEGRP "A_CRG_CLKFX_BUF_0" TS_sys_clk_pin *
        0.75 HIGH 50%;
--------------------------------------------------------------------------------
Slack: 10.933ns (period - (min high pulse limit / (high pulse / period)))
  Period: 13.333ns
  High pulse: 6.666ns
  High pulse limit: 1.200ns (Tospwh)
  Physical resource: DVI_D_10_OBUF/SR
  Logical resource: A_DVI_TELE_TXRX/A_DVI/DVIData/VideoBuf/bit[10].ODDR/SR
  Location pin: OLOGIC_X0Y198.SR
  Clock network: A_DVI_TELE_TXRX/A_DVI/DVIData/VideoBuf_not0000
--------------------------------------------------------------------------------
Slack: 10.933ns (period - (min high pulse limit / (high pulse / period)))
  Period: 13.333ns
  High pulse: 6.666ns
  High pulse limit: 1.200ns (Tospwh)
  Physical resource: DVI_D_11_OBUF/SR
  Logical resource: A_DVI_TELE_TXRX/A_DVI/DVIData/VideoBuf/bit[11].ODDR/SR
  Location pin: OLOGIC_X0Y199.SR
  Clock network: A_DVI_TELE_TXRX/A_DVI/DVIData/VideoBuf_not0000
--------------------------------------------------------------------------------
Slack: 10.933ns (period - (min high pulse limit / (high pulse / period)))
  Period: 13.333ns
  High pulse: 6.666ns
  High pulse limit: 1.200ns (Tospwh)
  Physical resource: DVI_D_0_OBUF/SR
  Logical resource: A_DVI_TELE_TXRX/A_DVI/DVIData/VideoBuf/bit[0].ODDR/SR
  Location pin: OLOGIC_X0Y188.SR
  Clock network: A_DVI_TELE_TXRX/A_DVI/DVIData/VideoBuf_not0000
--------------------------------------------------------------------------------


Derived Constraint Report
Derived Constraints for TS_sys_clk_pin
+-------------------------------+-------------+-------------+-------------+-------------+-------------+-------------+-------------+
|                               |   Period    |       Actual Period       |      Timing Errors        |      Paths Analyzed       |
|           Constraint          | Requirement |-------------+-------------|-------------+-------------|-------------+-------------|
|                               |             |   Direct    | Derivative  |   Direct    | Derivative  |   Direct    | Derivative  |
+-------------------------------+-------------+-------------+-------------+-------------+-------------+-------------+-------------+
|TS_sys_clk_pin                 |     10.000ns|      8.332ns|      8.422ns|            0|            0|            0|       132769|
| TS_A_CRG_CLKFX_BUF            |     13.333ns|      2.400ns|          N/A|            0|            0|            0|            0|
| TS_A_CRG_CLKFX_BUF_1          |     13.333ns|      2.400ns|          N/A|            0|            0|            0|            0|
| TS_A_CRG_CLKDV_BUF            |     20.000ns|      5.349ns|          N/A|            0|            0|         5567|            0|
| TS_A_CRG_CLKFX_BUF_0          |     13.333ns|     11.230ns|          N/A|            0|            0|       127202|            0|
+-------------------------------+-------------+-------------+-------------+-------------+-------------+-------------+-------------+

All constraints were met.


Data Sheet report:
-----------------
All values displayed in nanoseconds (ns)

Clock to Setup on destination clock clk
---------------+---------+---------+---------+---------+
               | Src:Rise| Src:Fall| Src:Rise| Src:Fall|
Source Clock   |Dest:Rise|Dest:Rise|Dest:Fall|Dest:Fall|
---------------+---------+---------+---------+---------+
clk            |   11.230|         |         |         |
---------------+---------+---------+---------+---------+


Timing summary:
---------------

Timing errors: 0  Score: 0  (Setup/Max: 0, Hold: 0)

Constraints cover 132769 paths, 0 nets, and 7513 connections

Design statistics:
   Minimum period:  11.230ns{1}   (Maximum frequency:  89.047MHz)


------------------------------------Footnotes-----------------------------------
1)  The minimum period statistic assumes all single cycle delays.

Analysis completed Tue Nov 28 14:10:23 2017 
--------------------------------------------------------------------------------

Trace Settings:
-------------------------
Trace Settings 

Peak Memory Usage: 445 MB



